sending incremental file list
created directory output/lm_c/1h
lffd2006070100.nc
lffd2006070100c.nc
lffd2006070100p.nc
lffd2006070101.nc
lffd2006070101p.nc
lffd2006070102.nc
lffd2006070102p.nc
lffd2006070103.nc
lffd2006070103p.nc
lffd2006070104.nc
lffd2006070104p.nc
lffd2006070105.nc
lffd2006070105p.nc
lffd2006070106.nc
lffd2006070106p.nc
lffd2006070107.nc
lffd2006070107p.nc
lffd2006070108.nc
lffd2006070108p.nc
lffd2006070109.nc
lffd2006070109p.nc
lffd2006070110.nc
lffd2006070110p.nc
lffd2006070111.nc
lffd2006070111p.nc
lffd2006070112.nc
lffd2006070112p.nc
lffd2006070113.nc
lffd2006070113p.nc
lffd2006070114.nc
lffd2006070114p.nc
lffd2006070115.nc
lffd2006070115p.nc
lffd2006070116.nc
lffd2006070116p.nc
lffd2006070117.nc
lffd2006070117p.nc
lffd2006070118.nc
lffd2006070118p.nc
lffd2006070119.nc
lffd2006070119p.nc
lffd2006070120.nc
lffd2006070120p.nc
lffd2006070121.nc
lffd2006070121p.nc
lffd2006070122.nc
lffd2006070122p.nc
lffd2006070123.nc
lffd2006070123p.nc
lffd2006070200.nc
lffd2006070200p.nc
lffd2006070201.nc
lffd2006070201p.nc
lffd2006070202.nc
lffd2006070202p.nc
lffd2006070203.nc
lffd2006070203p.nc
lffd2006070204.nc
lffd2006070204p.nc
lffd2006070205.nc
lffd2006070205p.nc
lffd2006070206.nc
lffd2006070206p.nc
lffd2006070207.nc
lffd2006070207p.nc
lffd2006070208.nc
lffd2006070208p.nc
lffd2006070209.nc
lffd2006070209p.nc
lffd2006070210.nc
lffd2006070210p.nc
lffd2006070211.nc
lffd2006070211p.nc
lffd2006070212.nc
lffd2006070212p.nc
lffd2006070213.nc
lffd2006070213p.nc
lffd2006070214.nc
lffd2006070214p.nc
lffd2006070215.nc
lffd2006070215p.nc
lffd2006070216.nc
lffd2006070216p.nc
lffd2006070217.nc
lffd2006070217p.nc
lffd2006070218.nc
lffd2006070218p.nc
lffd2006070219.nc
lffd2006070219p.nc
lffd2006070220.nc
lffd2006070220p.nc
lffd2006070221.nc
lffd2006070221p.nc
lffd2006070222.nc
lffd2006070222p.nc
lffd2006070223.nc
lffd2006070223p.nc
lffd2006070300.nc
lffd2006070300p.nc
lffd2006070301.nc
lffd2006070301p.nc
lffd2006070302.nc
lffd2006070302p.nc
lffd2006070303.nc
lffd2006070303p.nc
lffd2006070304.nc
lffd2006070304p.nc
lffd2006070305.nc
lffd2006070305p.nc
lffd2006070306.nc
lffd2006070306p.nc
lffd2006070307.nc
lffd2006070307p.nc
lffd2006070308.nc
lffd2006070308p.nc
lffd2006070309.nc
lffd2006070309p.nc
lffd2006070310.nc
lffd2006070310p.nc
lffd2006070311.nc
lffd2006070311p.nc
lffd2006070312.nc
lffd2006070312p.nc
lffd2006070313.nc
lffd2006070313p.nc
lffd2006070314.nc
lffd2006070314p.nc
lffd2006070315.nc
lffd2006070315p.nc
lffd2006070316.nc
lffd2006070316p.nc
lffd2006070317.nc
lffd2006070317p.nc
lffd2006070318.nc
lffd2006070318p.nc
lffd2006070319.nc
lffd2006070319p.nc
lffd2006070320.nc
lffd2006070320p.nc
lffd2006070321.nc
lffd2006070321p.nc
lffd2006070322.nc
lffd2006070322p.nc
lffd2006070323.nc
lffd2006070323p.nc
lffd2006070400.nc
lffd2006070400p.nc
lffd2006070401.nc
lffd2006070401p.nc
lffd2006070402.nc
lffd2006070402p.nc
lffd2006070403.nc
lffd2006070403p.nc
lffd2006070404.nc
lffd2006070404p.nc
lffd2006070405.nc
lffd2006070405p.nc
lffd2006070406.nc
lffd2006070406p.nc
lffd2006070407.nc
lffd2006070407p.nc
lffd2006070408.nc
lffd2006070408p.nc
lffd2006070409.nc
lffd2006070409p.nc
lffd2006070410.nc
lffd2006070410p.nc
lffd2006070411.nc
lffd2006070411p.nc
lffd2006070412.nc
lffd2006070412p.nc
lffd2006070413.nc
lffd2006070413p.nc
lffd2006070414.nc
lffd2006070414p.nc
lffd2006070415.nc
lffd2006070415p.nc
lffd2006070416.nc
lffd2006070416p.nc
lffd2006070417.nc
lffd2006070417p.nc
lffd2006070418.nc
lffd2006070418p.nc
lffd2006070419.nc
lffd2006070419p.nc
lffd2006070420.nc
lffd2006070420p.nc
lffd2006070421.nc
lffd2006070421p.nc
lffd2006070422.nc
lffd2006070422p.nc
lffd2006070423.nc
lffd2006070423p.nc
lffd2006070500.nc
lffd2006070500p.nc
lffd2006070501.nc
lffd2006070501p.nc
lffd2006070502.nc
lffd2006070502p.nc
lffd2006070503.nc
lffd2006070503p.nc
lffd2006070504.nc
lffd2006070504p.nc
lffd2006070505.nc
lffd2006070505p.nc
lffd2006070506.nc
lffd2006070506p.nc
lffd2006070507.nc
lffd2006070507p.nc
lffd2006070508.nc
lffd2006070508p.nc
lffd2006070509.nc
lffd2006070509p.nc
lffd2006070510.nc
lffd2006070510p.nc
lffd2006070511.nc
lffd2006070511p.nc
lffd2006070512.nc
lffd2006070512p.nc
lffd2006070513.nc
lffd2006070513p.nc
lffd2006070514.nc
lffd2006070514p.nc
lffd2006070515.nc
lffd2006070515p.nc
lffd2006070516.nc
lffd2006070516p.nc
lffd2006070517.nc
lffd2006070517p.nc
lffd2006070518.nc
lffd2006070518p.nc
lffd2006070519.nc
lffd2006070519p.nc
lffd2006070520.nc
lffd2006070520p.nc
lffd2006070521.nc
lffd2006070521p.nc
lffd2006070522.nc
lffd2006070522p.nc
lffd2006070523.nc
lffd2006070523p.nc
lffd2006070600.nc
lffd2006070600p.nc
lffd2006070601.nc
lffd2006070601p.nc
lffd2006070602.nc
lffd2006070602p.nc
lffd2006070603.nc
lffd2006070603p.nc
lffd2006070604.nc
lffd2006070604p.nc
lffd2006070605.nc
lffd2006070605p.nc
lffd2006070606.nc
lffd2006070606p.nc
lffd2006070607.nc
lffd2006070607p.nc
lffd2006070608.nc
lffd2006070608p.nc
lffd2006070609.nc
lffd2006070609p.nc
lffd2006070610.nc
lffd2006070610p.nc
lffd2006070611.nc
lffd2006070611p.nc
lffd2006070612.nc
lffd2006070612p.nc
lffd2006070613.nc
lffd2006070613p.nc
lffd2006070614.nc
lffd2006070614p.nc
lffd2006070615.nc
lffd2006070615p.nc
lffd2006070616.nc
lffd2006070616p.nc
lffd2006070617.nc
lffd2006070617p.nc
lffd2006070618.nc
lffd2006070618p.nc
lffd2006070619.nc
lffd2006070619p.nc
lffd2006070620.nc
lffd2006070620p.nc
lffd2006070621.nc
lffd2006070621p.nc
lffd2006070622.nc
lffd2006070622p.nc
lffd2006070623.nc
lffd2006070623p.nc
lffd2006070700.nc
lffd2006070700p.nc
lffd2006070701.nc
lffd2006070701p.nc
lffd2006070702.nc
lffd2006070702p.nc
lffd2006070703.nc
lffd2006070703p.nc
lffd2006070704.nc
lffd2006070704p.nc
lffd2006070705.nc
lffd2006070705p.nc
lffd2006070706.nc
lffd2006070706p.nc
lffd2006070707.nc
lffd2006070707p.nc
lffd2006070708.nc
lffd2006070708p.nc
lffd2006070709.nc
lffd2006070709p.nc
lffd2006070710.nc
lffd2006070710p.nc
lffd2006070711.nc
lffd2006070711p.nc
lffd2006070712.nc
lffd2006070712p.nc
lffd2006070713.nc
lffd2006070713p.nc
lffd2006070714.nc
lffd2006070714p.nc
lffd2006070715.nc
lffd2006070715p.nc
lffd2006070716.nc
lffd2006070716p.nc
lffd2006070717.nc
lffd2006070717p.nc
lffd2006070718.nc
lffd2006070718p.nc
lffd2006070719.nc
lffd2006070719p.nc
lffd2006070720.nc
lffd2006070720p.nc
lffd2006070721.nc
lffd2006070721p.nc
lffd2006070722.nc
lffd2006070722p.nc
lffd2006070723.nc
lffd2006070723p.nc
lffd2006070800.nc
lffd2006070800p.nc
lffd2006070801.nc
lffd2006070801p.nc
lffd2006070802.nc
lffd2006070802p.nc
lffd2006070803.nc
lffd2006070803p.nc
lffd2006070804.nc
lffd2006070804p.nc
lffd2006070805.nc
lffd2006070805p.nc
lffd2006070806.nc
lffd2006070806p.nc
lffd2006070807.nc
lffd2006070807p.nc
lffd2006070808.nc
lffd2006070808p.nc
lffd2006070809.nc
lffd2006070809p.nc
lffd2006070810.nc
lffd2006070810p.nc
lffd2006070811.nc
lffd2006070811p.nc
lffd2006070812.nc
lffd2006070812p.nc
lffd2006070813.nc
lffd2006070813p.nc
lffd2006070814.nc
lffd2006070814p.nc
lffd2006070815.nc
lffd2006070815p.nc
lffd2006070816.nc
lffd2006070816p.nc
lffd2006070817.nc
lffd2006070817p.nc
lffd2006070818.nc
lffd2006070818p.nc
lffd2006070819.nc
lffd2006070819p.nc
lffd2006070820.nc
lffd2006070820p.nc
lffd2006070821.nc
lffd2006070821p.nc
lffd2006070822.nc
lffd2006070822p.nc
lffd2006070823.nc
lffd2006070823p.nc
lffd2006070900.nc
lffd2006070900p.nc
lffd2006070901.nc
lffd2006070901p.nc
lffd2006070902.nc
lffd2006070902p.nc
lffd2006070903.nc
lffd2006070903p.nc
lffd2006070904.nc
lffd2006070904p.nc
lffd2006070905.nc
lffd2006070905p.nc
lffd2006070906.nc
lffd2006070906p.nc
lffd2006070907.nc
lffd2006070907p.nc
lffd2006070908.nc
lffd2006070908p.nc
lffd2006070909.nc
lffd2006070909p.nc
lffd2006070910.nc
lffd2006070910p.nc
lffd2006070911.nc
lffd2006070911p.nc
lffd2006070912.nc
lffd2006070912p.nc
lffd2006070913.nc
lffd2006070913p.nc
lffd2006070914.nc
lffd2006070914p.nc
lffd2006070915.nc
lffd2006070915p.nc
lffd2006070916.nc
lffd2006070916p.nc
lffd2006070917.nc
lffd2006070917p.nc
lffd2006070918.nc
lffd2006070918p.nc
lffd2006070919.nc
lffd2006070919p.nc
lffd2006070920.nc
lffd2006070920p.nc
lffd2006070921.nc
lffd2006070921p.nc
lffd2006070922.nc
lffd2006070922p.nc
lffd2006070923.nc
lffd2006070923p.nc
lffd2006071000.nc
lffd2006071000p.nc
lffd2006071001.nc
lffd2006071001p.nc
lffd2006071002.nc
lffd2006071002p.nc
lffd2006071003.nc
lffd2006071003p.nc
lffd2006071004.nc
lffd2006071004p.nc
lffd2006071005.nc
lffd2006071005p.nc
lffd2006071006.nc
lffd2006071006p.nc
lffd2006071007.nc
lffd2006071007p.nc
lffd2006071008.nc
lffd2006071008p.nc
lffd2006071009.nc
lffd2006071009p.nc
lffd2006071010.nc
lffd2006071010p.nc
lffd2006071011.nc
lffd2006071011p.nc
lffd2006071012.nc
lffd2006071012p.nc
lffd2006071013.nc
lffd2006071013p.nc
lffd2006071014.nc
lffd2006071014p.nc
lffd2006071015.nc
lffd2006071015p.nc
lffd2006071016.nc
lffd2006071016p.nc
lffd2006071017.nc
lffd2006071017p.nc
lffd2006071018.nc
lffd2006071018p.nc
lffd2006071019.nc
lffd2006071019p.nc
lffd2006071020.nc
lffd2006071020p.nc
lffd2006071021.nc
lffd2006071021p.nc
lffd2006071022.nc
lffd2006071022p.nc
lffd2006071023.nc
lffd2006071023p.nc
lffd2006071100.nc
lffd2006071100p.nc
lffd2006071101.nc
lffd2006071101p.nc
lffd2006071102.nc
lffd2006071102p.nc
lffd2006071103.nc
lffd2006071103p.nc
lffd2006071104.nc
lffd2006071104p.nc
lffd2006071105.nc
lffd2006071105p.nc
lffd2006071106.nc
lffd2006071106p.nc
lffd2006071107.nc
lffd2006071107p.nc
lffd2006071108.nc
lffd2006071108p.nc
lffd2006071109.nc
lffd2006071109p.nc
lffd2006071110.nc
lffd2006071110p.nc
lffd2006071111.nc
lffd2006071111p.nc
lffd2006071112.nc
lffd2006071112p.nc
lffd2006071113.nc
lffd2006071113p.nc
lffd2006071114.nc
lffd2006071114p.nc
lffd2006071115.nc
lffd2006071115p.nc
lffd2006071116.nc
lffd2006071116p.nc
lffd2006071117.nc
lffd2006071117p.nc
lffd2006071118.nc
lffd2006071118p.nc
lffd2006071119.nc
lffd2006071119p.nc
lffd2006071120.nc
lffd2006071120p.nc
lffd2006071121.nc
lffd2006071121p.nc
lffd2006071122.nc
lffd2006071122p.nc
lffd2006071123.nc
lffd2006071123p.nc
lffd2006071200.nc
lffd2006071200p.nc
lffd2006071201.nc
lffd2006071201p.nc
lffd2006071202.nc
lffd2006071202p.nc
lffd2006071203.nc
lffd2006071203p.nc
lffd2006071204.nc
lffd2006071204p.nc
lffd2006071205.nc
lffd2006071205p.nc
lffd2006071206.nc
lffd2006071206p.nc
lffd2006071207.nc
lffd2006071207p.nc
lffd2006071208.nc
lffd2006071208p.nc
lffd2006071209.nc
lffd2006071209p.nc
lffd2006071210.nc
lffd2006071210p.nc
lffd2006071211.nc
lffd2006071211p.nc
lffd2006071212.nc
lffd2006071212p.nc
lffd2006071213.nc
lffd2006071213p.nc
lffd2006071214.nc
lffd2006071214p.nc
lffd2006071215.nc
lffd2006071215p.nc
lffd2006071216.nc
lffd2006071216p.nc
lffd2006071217.nc
lffd2006071217p.nc
lffd2006071218.nc
lffd2006071218p.nc
lffd2006071219.nc
lffd2006071219p.nc
lffd2006071220.nc
lffd2006071220p.nc
lffd2006071221.nc
lffd2006071221p.nc
lffd2006071222.nc
lffd2006071222p.nc
lffd2006071223.nc
lffd2006071223p.nc
lffd2006071300.nc
lffd2006071300p.nc
lffd2006071301.nc
lffd2006071301p.nc
lffd2006071302.nc
lffd2006071302p.nc
lffd2006071303.nc
lffd2006071303p.nc
lffd2006071304.nc
lffd2006071304p.nc
lffd2006071305.nc
lffd2006071305p.nc
lffd2006071306.nc
lffd2006071306p.nc
lffd2006071307.nc
lffd2006071307p.nc
lffd2006071308.nc
lffd2006071308p.nc
lffd2006071309.nc
lffd2006071309p.nc
lffd2006071310.nc
lffd2006071310p.nc
lffd2006071311.nc
lffd2006071311p.nc
lffd2006071312.nc
lffd2006071312p.nc
lffd2006071313.nc
lffd2006071313p.nc
lffd2006071314.nc
lffd2006071314p.nc
lffd2006071315.nc
lffd2006071315p.nc
lffd2006071316.nc
lffd2006071316p.nc
lffd2006071317.nc
lffd2006071317p.nc
lffd2006071318.nc
lffd2006071318p.nc
lffd2006071319.nc
lffd2006071319p.nc
lffd2006071320.nc
lffd2006071320p.nc
lffd2006071321.nc
lffd2006071321p.nc
lffd2006071322.nc
lffd2006071322p.nc
lffd2006071323.nc
lffd2006071323p.nc
lffd2006071400.nc
lffd2006071400p.nc
lffd2006071401.nc
lffd2006071401p.nc
lffd2006071402.nc
lffd2006071402p.nc
lffd2006071403.nc
lffd2006071403p.nc
lffd2006071404.nc
lffd2006071404p.nc
lffd2006071405.nc
lffd2006071405p.nc
lffd2006071406.nc
lffd2006071406p.nc
lffd2006071407.nc
lffd2006071407p.nc
lffd2006071408.nc
lffd2006071408p.nc
lffd2006071409.nc
lffd2006071409p.nc
lffd2006071410.nc
lffd2006071410p.nc
lffd2006071411.nc
lffd2006071411p.nc
lffd2006071412.nc
lffd2006071412p.nc
lffd2006071413.nc
lffd2006071413p.nc
lffd2006071414.nc
lffd2006071414p.nc
lffd2006071415.nc
lffd2006071415p.nc
lffd2006071416.nc
lffd2006071416p.nc
lffd2006071417.nc
lffd2006071417p.nc
lffd2006071418.nc
lffd2006071418p.nc
lffd2006071419.nc
lffd2006071419p.nc
lffd2006071420.nc
lffd2006071420p.nc
lffd2006071421.nc
lffd2006071421p.nc
lffd2006071422.nc
lffd2006071422p.nc
lffd2006071423.nc
lffd2006071423p.nc
lffd2006071500.nc
lffd2006071500p.nc
lffd2006071501.nc
lffd2006071501p.nc
lffd2006071502.nc
lffd2006071502p.nc
lffd2006071503.nc
lffd2006071503p.nc
lffd2006071504.nc
lffd2006071504p.nc
lffd2006071505.nc
lffd2006071505p.nc
lffd2006071506.nc
lffd2006071506p.nc
lffd2006071507.nc
lffd2006071507p.nc
lffd2006071508.nc
lffd2006071508p.nc
lffd2006071509.nc
lffd2006071509p.nc
lffd2006071510.nc
lffd2006071510p.nc
lffd2006071511.nc
lffd2006071511p.nc
lffd2006071512.nc
lffd2006071512p.nc
lffd2006071513.nc
lffd2006071513p.nc
lffd2006071514.nc
lffd2006071514p.nc
lffd2006071515.nc
lffd2006071515p.nc
lffd2006071516.nc
lffd2006071516p.nc
lffd2006071517.nc
lffd2006071517p.nc
lffd2006071518.nc
lffd2006071518p.nc
lffd2006071519.nc
lffd2006071519p.nc
lffd2006071520.nc
lffd2006071520p.nc
lffd2006071521.nc
lffd2006071521p.nc
lffd2006071522.nc
lffd2006071522p.nc
lffd2006071523.nc
lffd2006071523p.nc
lffd2006071600.nc
lffd2006071600p.nc
lffd2006071601.nc
lffd2006071601p.nc
lffd2006071602.nc
lffd2006071602p.nc
lffd2006071603.nc
lffd2006071603p.nc
lffd2006071604.nc
lffd2006071604p.nc
lffd2006071605.nc
lffd2006071605p.nc
lffd2006071606.nc
lffd2006071606p.nc
lffd2006071607.nc
lffd2006071607p.nc
lffd2006071608.nc
lffd2006071608p.nc
lffd2006071609.nc
lffd2006071609p.nc
lffd2006071610.nc
lffd2006071610p.nc
lffd2006071611.nc
lffd2006071611p.nc
lffd2006071612.nc
lffd2006071612p.nc
lffd2006071613.nc
lffd2006071613p.nc
lffd2006071614.nc
lffd2006071614p.nc
lffd2006071615.nc
lffd2006071615p.nc
lffd2006071616.nc
lffd2006071616p.nc
lffd2006071617.nc
lffd2006071617p.nc
lffd2006071618.nc
lffd2006071618p.nc
lffd2006071619.nc
lffd2006071619p.nc
lffd2006071620.nc
lffd2006071620p.nc
lffd2006071621.nc
lffd2006071621p.nc
lffd2006071622.nc
lffd2006071622p.nc
lffd2006071623.nc
lffd2006071623p.nc
lffd2006071700.nc
lffd2006071700p.nc
lffd2006071701.nc
lffd2006071701p.nc
lffd2006071702.nc
lffd2006071702p.nc
lffd2006071703.nc
lffd2006071703p.nc
lffd2006071704.nc
lffd2006071704p.nc
lffd2006071705.nc
lffd2006071705p.nc
lffd2006071706.nc
lffd2006071706p.nc
lffd2006071707.nc
lffd2006071707p.nc
lffd2006071708.nc
lffd2006071708p.nc
lffd2006071709.nc
lffd2006071709p.nc
lffd2006071710.nc
lffd2006071710p.nc
lffd2006071711.nc
lffd2006071711p.nc
lffd2006071712.nc
lffd2006071712p.nc
lffd2006071713.nc
lffd2006071713p.nc
lffd2006071714.nc
lffd2006071714p.nc
lffd2006071715.nc
lffd2006071715p.nc
lffd2006071716.nc
lffd2006071716p.nc
lffd2006071717.nc
lffd2006071717p.nc
lffd2006071718.nc
lffd2006071718p.nc
lffd2006071719.nc
lffd2006071719p.nc
lffd2006071720.nc
lffd2006071720p.nc
lffd2006071721.nc
lffd2006071721p.nc
lffd2006071722.nc
lffd2006071722p.nc
lffd2006071723.nc
lffd2006071723p.nc
lffd2006071800.nc
lffd2006071800p.nc
lffd2006071801.nc
lffd2006071801p.nc
lffd2006071802.nc
lffd2006071802p.nc
lffd2006071803.nc
lffd2006071803p.nc
lffd2006071804.nc
lffd2006071804p.nc
lffd2006071805.nc
lffd2006071805p.nc
lffd2006071806.nc
lffd2006071806p.nc
lffd2006071807.nc
lffd2006071807p.nc
lffd2006071808.nc
lffd2006071808p.nc
lffd2006071809.nc
lffd2006071809p.nc
lffd2006071810.nc
lffd2006071810p.nc
lffd2006071811.nc
lffd2006071811p.nc
lffd2006071812.nc
lffd2006071812p.nc
lffd2006071813.nc
lffd2006071813p.nc
lffd2006071814.nc
lffd2006071814p.nc
lffd2006071815.nc
lffd2006071815p.nc
lffd2006071816.nc
lffd2006071816p.nc
lffd2006071817.nc
lffd2006071817p.nc
lffd2006071818.nc
lffd2006071818p.nc
lffd2006071819.nc
lffd2006071819p.nc
lffd2006071820.nc
lffd2006071820p.nc
lffd2006071821.nc
lffd2006071821p.nc
lffd2006071822.nc
lffd2006071822p.nc
lffd2006071823.nc
lffd2006071823p.nc
lffd2006071900.nc
lffd2006071900p.nc
lffd2006071901.nc
lffd2006071901p.nc
lffd2006071902.nc
lffd2006071902p.nc
lffd2006071903.nc
lffd2006071903p.nc
lffd2006071904.nc
lffd2006071904p.nc
lffd2006071905.nc
lffd2006071905p.nc
lffd2006071906.nc
lffd2006071906p.nc
lffd2006071907.nc
lffd2006071907p.nc
lffd2006071908.nc
lffd2006071908p.nc
lffd2006071909.nc
lffd2006071909p.nc
lffd2006071910.nc
lffd2006071910p.nc
lffd2006071911.nc
lffd2006071911p.nc
lffd2006071912.nc
lffd2006071912p.nc
lffd2006071913.nc
lffd2006071913p.nc
lffd2006071914.nc
lffd2006071914p.nc
lffd2006071915.nc
lffd2006071915p.nc
lffd2006071916.nc
lffd2006071916p.nc
lffd2006071917.nc
lffd2006071917p.nc
lffd2006071918.nc
lffd2006071918p.nc
lffd2006071919.nc
lffd2006071919p.nc
lffd2006071920.nc
lffd2006071920p.nc
lffd2006071921.nc
lffd2006071921p.nc
lffd2006071922.nc
lffd2006071922p.nc
lffd2006071923.nc
lffd2006071923p.nc
lffd2006072000.nc
lffd2006072000p.nc
lffd2006072001.nc
lffd2006072001p.nc
lffd2006072002.nc
lffd2006072002p.nc
lffd2006072003.nc
lffd2006072003p.nc
lffd2006072004.nc
lffd2006072004p.nc
lffd2006072005.nc
lffd2006072005p.nc
lffd2006072006.nc
lffd2006072006p.nc
lffd2006072007.nc
lffd2006072007p.nc
lffd2006072008.nc
lffd2006072008p.nc
lffd2006072009.nc
lffd2006072009p.nc
lffd2006072010.nc
lffd2006072010p.nc
lffd2006072011.nc
lffd2006072011p.nc
lffd2006072012.nc
lffd2006072012p.nc
lffd2006072013.nc
lffd2006072013p.nc
lffd2006072014.nc
lffd2006072014p.nc
lffd2006072015.nc
lffd2006072015p.nc
lffd2006072016.nc
lffd2006072016p.nc
lffd2006072017.nc
lffd2006072017p.nc
lffd2006072018.nc
lffd2006072018p.nc
lffd2006072019.nc
lffd2006072019p.nc
lffd2006072020.nc
lffd2006072020p.nc
lffd2006072021.nc
lffd2006072021p.nc
lffd2006072022.nc
lffd2006072022p.nc
lffd2006072023.nc
lffd2006072023p.nc
lffd2006072100.nc
lffd2006072100p.nc
lffd2006072101.nc
lffd2006072101p.nc
lffd2006072102.nc
lffd2006072102p.nc
lffd2006072103.nc
lffd2006072103p.nc
lffd2006072104.nc
lffd2006072104p.nc
lffd2006072105.nc
lffd2006072105p.nc
lffd2006072106.nc
lffd2006072106p.nc
lffd2006072107.nc
lffd2006072107p.nc
lffd2006072108.nc
lffd2006072108p.nc
lffd2006072109.nc
lffd2006072109p.nc
lffd2006072110.nc
lffd2006072110p.nc
lffd2006072111.nc
lffd2006072111p.nc
lffd2006072112.nc
lffd2006072112p.nc
lffd2006072113.nc
lffd2006072113p.nc
lffd2006072114.nc
lffd2006072114p.nc
lffd2006072115.nc
lffd2006072115p.nc
lffd2006072116.nc
lffd2006072116p.nc
lffd2006072117.nc
lffd2006072117p.nc
lffd2006072118.nc
lffd2006072118p.nc
lffd2006072119.nc
lffd2006072119p.nc
lffd2006072120.nc
lffd2006072120p.nc
lffd2006072121.nc
lffd2006072121p.nc
lffd2006072122.nc
lffd2006072122p.nc
lffd2006072123.nc
lffd2006072123p.nc
lffd2006072200.nc
lffd2006072200p.nc
lffd2006072201.nc
lffd2006072201p.nc
lffd2006072202.nc
lffd2006072202p.nc
lffd2006072203.nc
lffd2006072203p.nc
lffd2006072204.nc
lffd2006072204p.nc
lffd2006072205.nc
lffd2006072205p.nc
lffd2006072206.nc
lffd2006072206p.nc
lffd2006072207.nc
lffd2006072207p.nc
lffd2006072208.nc
lffd2006072208p.nc
lffd2006072209.nc
lffd2006072209p.nc
lffd2006072210.nc
lffd2006072210p.nc
lffd2006072211.nc
lffd2006072211p.nc
lffd2006072212.nc
lffd2006072212p.nc
lffd2006072213.nc
lffd2006072213p.nc
lffd2006072214.nc
lffd2006072214p.nc
lffd2006072215.nc
lffd2006072215p.nc
lffd2006072216.nc
lffd2006072216p.nc
lffd2006072217.nc
lffd2006072217p.nc
lffd2006072218.nc
lffd2006072218p.nc
lffd2006072219.nc
lffd2006072219p.nc
lffd2006072220.nc
lffd2006072220p.nc
lffd2006072221.nc
lffd2006072221p.nc
lffd2006072222.nc
lffd2006072222p.nc
lffd2006072223.nc
lffd2006072223p.nc
lffd2006072300.nc
lffd2006072300p.nc
lffd2006072301.nc
lffd2006072301p.nc
lffd2006072302.nc
lffd2006072302p.nc
lffd2006072303.nc
lffd2006072303p.nc
lffd2006072304.nc
lffd2006072304p.nc
lffd2006072305.nc
lffd2006072305p.nc
lffd2006072306.nc
lffd2006072306p.nc
lffd2006072307.nc
lffd2006072307p.nc
lffd2006072308.nc
lffd2006072308p.nc
lffd2006072309.nc
lffd2006072309p.nc
lffd2006072310.nc
lffd2006072310p.nc
lffd2006072311.nc
lffd2006072311p.nc
lffd2006072312.nc
lffd2006072312p.nc
lffd2006072313.nc
lffd2006072313p.nc
lffd2006072314.nc
lffd2006072314p.nc
lffd2006072315.nc
lffd2006072315p.nc
lffd2006072316.nc
lffd2006072316p.nc
lffd2006072317.nc
lffd2006072317p.nc
lffd2006072318.nc
lffd2006072318p.nc
lffd2006072319.nc
lffd2006072319p.nc
lffd2006072320.nc
lffd2006072320p.nc
lffd2006072321.nc
lffd2006072321p.nc
lffd2006072322.nc
lffd2006072322p.nc
lffd2006072323.nc
lffd2006072323p.nc
lffd2006072400.nc
lffd2006072400p.nc
lffd2006072401.nc
lffd2006072401p.nc
lffd2006072402.nc
lffd2006072402p.nc
lffd2006072403.nc
lffd2006072403p.nc
lffd2006072404.nc
lffd2006072404p.nc
lffd2006072405.nc
lffd2006072405p.nc
lffd2006072406.nc
lffd2006072406p.nc
lffd2006072407.nc
lffd2006072407p.nc
lffd2006072408.nc
lffd2006072408p.nc
lffd2006072409.nc
lffd2006072409p.nc
lffd2006072410.nc
lffd2006072410p.nc
lffd2006072411.nc
lffd2006072411p.nc
lffd2006072412.nc
lffd2006072412p.nc
lffd2006072413.nc
lffd2006072413p.nc
lffd2006072414.nc
lffd2006072414p.nc
lffd2006072415.nc
lffd2006072415p.nc
lffd2006072416.nc
lffd2006072416p.nc
lffd2006072417.nc
lffd2006072417p.nc
lffd2006072418.nc
lffd2006072418p.nc
lffd2006072419.nc
lffd2006072419p.nc
lffd2006072420.nc
lffd2006072420p.nc
lffd2006072421.nc
lffd2006072421p.nc
lffd2006072422.nc
lffd2006072422p.nc
lffd2006072423.nc
lffd2006072423p.nc
lffd2006072500.nc
lffd2006072500p.nc
lffd2006072501.nc
lffd2006072501p.nc
lffd2006072502.nc
lffd2006072502p.nc
lffd2006072503.nc
lffd2006072503p.nc
lffd2006072504.nc
lffd2006072504p.nc
lffd2006072505.nc
lffd2006072505p.nc
lffd2006072506.nc
lffd2006072506p.nc
lffd2006072507.nc
lffd2006072507p.nc
lffd2006072508.nc
lffd2006072508p.nc
lffd2006072509.nc
lffd2006072509p.nc
lffd2006072510.nc
lffd2006072510p.nc
lffd2006072511.nc
lffd2006072511p.nc
lffd2006072512.nc
lffd2006072512p.nc
lffd2006072513.nc
lffd2006072513p.nc
lffd2006072514.nc
lffd2006072514p.nc
lffd2006072515.nc
lffd2006072515p.nc
lffd2006072516.nc
lffd2006072516p.nc
lffd2006072517.nc
lffd2006072517p.nc
lffd2006072518.nc
lffd2006072518p.nc
lffd2006072519.nc
lffd2006072519p.nc
lffd2006072520.nc
lffd2006072520p.nc
lffd2006072521.nc
lffd2006072521p.nc
lffd2006072522.nc
lffd2006072522p.nc
lffd2006072523.nc
lffd2006072523p.nc
lffd2006072600.nc
lffd2006072600p.nc
lffd2006072601.nc
lffd2006072601p.nc
lffd2006072602.nc
lffd2006072602p.nc
lffd2006072603.nc
lffd2006072603p.nc
lffd2006072604.nc
lffd2006072604p.nc
lffd2006072605.nc
lffd2006072605p.nc
lffd2006072606.nc
lffd2006072606p.nc
lffd2006072607.nc
lffd2006072607p.nc
lffd2006072608.nc
lffd2006072608p.nc
lffd2006072609.nc
lffd2006072609p.nc
lffd2006072610.nc
lffd2006072610p.nc
lffd2006072611.nc
lffd2006072611p.nc
lffd2006072612.nc
lffd2006072612p.nc
lffd2006072613.nc
lffd2006072613p.nc
lffd2006072614.nc
lffd2006072614p.nc
lffd2006072615.nc
lffd2006072615p.nc
lffd2006072616.nc
lffd2006072616p.nc
lffd2006072617.nc
lffd2006072617p.nc
lffd2006072618.nc
lffd2006072618p.nc
lffd2006072619.nc
lffd2006072619p.nc
lffd2006072620.nc
lffd2006072620p.nc
lffd2006072621.nc
lffd2006072621p.nc
lffd2006072622.nc
lffd2006072622p.nc
lffd2006072623.nc
lffd2006072623p.nc
lffd2006072700.nc
lffd2006072700p.nc
lffd2006072701.nc
lffd2006072701p.nc
lffd2006072702.nc
lffd2006072702p.nc
lffd2006072703.nc
lffd2006072703p.nc
lffd2006072704.nc
lffd2006072704p.nc
lffd2006072705.nc
lffd2006072705p.nc
lffd2006072706.nc
lffd2006072706p.nc
lffd2006072707.nc
lffd2006072707p.nc
lffd2006072708.nc
lffd2006072708p.nc
lffd2006072709.nc
lffd2006072709p.nc
lffd2006072710.nc
lffd2006072710p.nc
lffd2006072711.nc
lffd2006072711p.nc
lffd2006072712.nc
lffd2006072712p.nc
lffd2006072713.nc
lffd2006072713p.nc
lffd2006072714.nc
lffd2006072714p.nc
lffd2006072715.nc
lffd2006072715p.nc
lffd2006072716.nc
lffd2006072716p.nc
lffd2006072717.nc
lffd2006072717p.nc
lffd2006072718.nc
lffd2006072718p.nc
lffd2006072719.nc
lffd2006072719p.nc
lffd2006072720.nc
lffd2006072720p.nc
lffd2006072721.nc
lffd2006072721p.nc
lffd2006072722.nc
lffd2006072722p.nc
lffd2006072723.nc
lffd2006072723p.nc
lffd2006072800.nc
lffd2006072800p.nc
lffd2006072801.nc
lffd2006072801p.nc
lffd2006072802.nc
lffd2006072802p.nc
lffd2006072803.nc
lffd2006072803p.nc
lffd2006072804.nc
lffd2006072804p.nc
lffd2006072805.nc
lffd2006072805p.nc
lffd2006072806.nc
lffd2006072806p.nc
lffd2006072807.nc
lffd2006072807p.nc
lffd2006072808.nc
lffd2006072808p.nc
lffd2006072809.nc
lffd2006072809p.nc
lffd2006072810.nc
lffd2006072810p.nc
lffd2006072811.nc
lffd2006072811p.nc
lffd2006072812.nc
lffd2006072812p.nc
lffd2006072813.nc
lffd2006072813p.nc
lffd2006072814.nc
lffd2006072814p.nc
lffd2006072815.nc
lffd2006072815p.nc
lffd2006072816.nc
lffd2006072816p.nc
lffd2006072817.nc
lffd2006072817p.nc
lffd2006072818.nc
lffd2006072818p.nc
lffd2006072819.nc
lffd2006072819p.nc
lffd2006072820.nc
lffd2006072820p.nc
lffd2006072821.nc
lffd2006072821p.nc
lffd2006072822.nc
lffd2006072822p.nc
lffd2006072823.nc
lffd2006072823p.nc
lffd2006072900.nc
lffd2006072900p.nc
lffd2006072901.nc
lffd2006072901p.nc
lffd2006072902.nc
lffd2006072902p.nc
lffd2006072903.nc
lffd2006072903p.nc
lffd2006072904.nc
lffd2006072904p.nc
lffd2006072905.nc
lffd2006072905p.nc
lffd2006072906.nc
lffd2006072906p.nc
lffd2006072907.nc
lffd2006072907p.nc
lffd2006072908.nc
lffd2006072908p.nc
lffd2006072909.nc
lffd2006072909p.nc
lffd2006072910.nc
lffd2006072910p.nc
lffd2006072911.nc
lffd2006072911p.nc
lffd2006072912.nc
lffd2006072912p.nc
lffd2006072913.nc
lffd2006072913p.nc
lffd2006072914.nc
lffd2006072914p.nc
lffd2006072915.nc
lffd2006072915p.nc
lffd2006072916.nc
lffd2006072916p.nc
lffd2006072917.nc
lffd2006072917p.nc
lffd2006072918.nc
lffd2006072918p.nc
lffd2006072919.nc
lffd2006072919p.nc
lffd2006072920.nc
lffd2006072920p.nc
lffd2006072921.nc
lffd2006072921p.nc
lffd2006072922.nc
lffd2006072922p.nc
lffd2006072923.nc
lffd2006072923p.nc
lffd2006073000.nc
lffd2006073000p.nc
lffd2006073001.nc
lffd2006073001p.nc
lffd2006073002.nc
lffd2006073002p.nc
lffd2006073003.nc
lffd2006073003p.nc
lffd2006073004.nc
lffd2006073004p.nc
lffd2006073005.nc
lffd2006073005p.nc
lffd2006073006.nc
lffd2006073006p.nc
lffd2006073007.nc
lffd2006073007p.nc
lffd2006073008.nc
lffd2006073008p.nc
lffd2006073009.nc
lffd2006073009p.nc
lffd2006073010.nc
lffd2006073010p.nc
lffd2006073011.nc
lffd2006073011p.nc
lffd2006073012.nc
lffd2006073012p.nc
lffd2006073013.nc
lffd2006073013p.nc
lffd2006073014.nc
lffd2006073014p.nc
lffd2006073015.nc
lffd2006073015p.nc
lffd2006073016.nc
lffd2006073016p.nc
lffd2006073017.nc
lffd2006073017p.nc
lffd2006073018.nc
lffd2006073018p.nc
lffd2006073019.nc
lffd2006073019p.nc
lffd2006073020.nc
lffd2006073020p.nc
lffd2006073021.nc
lffd2006073021p.nc
lffd2006073022.nc
lffd2006073022p.nc
lffd2006073023.nc
lffd2006073023p.nc
lffd2006073100.nc
lffd2006073100p.nc
lffd2006073101.nc
lffd2006073101p.nc
lffd2006073102.nc
lffd2006073102p.nc
lffd2006073103.nc
lffd2006073103p.nc
lffd2006073104.nc
lffd2006073104p.nc
lffd2006073105.nc
lffd2006073105p.nc
lffd2006073106.nc
lffd2006073106p.nc
lffd2006073107.nc
lffd2006073107p.nc
lffd2006073108.nc
lffd2006073108p.nc
lffd2006073109.nc
lffd2006073109p.nc
lffd2006073110.nc
lffd2006073110p.nc
lffd2006073111.nc
lffd2006073111p.nc
lffd2006073112.nc
lffd2006073112p.nc
lffd2006073113.nc
lffd2006073113p.nc
lffd2006073114.nc
lffd2006073114p.nc
lffd2006073115.nc
lffd2006073115p.nc
lffd2006073116.nc
lffd2006073116p.nc
lffd2006073117.nc
lffd2006073117p.nc
lffd2006073118.nc
lffd2006073118p.nc
lffd2006073119.nc
lffd2006073119p.nc
lffd2006073120.nc
lffd2006073120p.nc
lffd2006073121.nc
lffd2006073121p.nc
lffd2006073122.nc
lffd2006073122p.nc
lffd2006073123.nc
lffd2006073123p.nc
lffd2006080100.nc
lffd2006080100p.nc

sent 20258210469 bytes  received 28341 bytes  63805476.57 bytes/sec
total size is 20255656808  speedup is 1.00
sending incremental file list
created directory output/lm_c/24h
lffd2006070100.nc
lffd2006070100c.nc
lffd2006070200.nc
lffd2006070300.nc
lffd2006070400.nc
lffd2006070500.nc
lffd2006070600.nc
lffd2006070700.nc
lffd2006070800.nc
lffd2006070900.nc
lffd2006071000.nc
lffd2006071100.nc
lffd2006071200.nc
lffd2006071300.nc
lffd2006071400.nc
lffd2006071500.nc
lffd2006071600.nc
lffd2006071700.nc
lffd2006071800.nc
lffd2006071900.nc
lffd2006072000.nc
lffd2006072100.nc
lffd2006072200.nc
lffd2006072300.nc
lffd2006072400.nc
lffd2006072500.nc
lffd2006072600.nc
lffd2006072700.nc
lffd2006072800.nc
lffd2006072900.nc
lffd2006073000.nc
lffd2006073100.nc
lffd2006080100.nc

sent 394015835 bytes  received 639 bytes  71639358.91 bytes/sec
total size is 393965776  speedup is 1.00
sending incremental file list
created directory output/lm_f/1h
lffd2006070100.nc
lffd2006070100c.nc
lffd2006070100p.nc
lffd2006070101.nc
lffd2006070101p.nc
lffd2006070102.nc
lffd2006070102p.nc
lffd2006070103.nc
lffd2006070103p.nc
lffd2006070104.nc
lffd2006070104p.nc
lffd2006070105.nc
lffd2006070105p.nc
lffd2006070106.nc
lffd2006070106p.nc
lffd2006070107.nc
lffd2006070107p.nc
lffd2006070108.nc
lffd2006070108p.nc
lffd2006070109.nc
lffd2006070109p.nc
lffd2006070110.nc
lffd2006070110p.nc
lffd2006070111.nc
lffd2006070111p.nc
lffd2006070112.nc
lffd2006070112p.nc
lffd2006070113.nc
lffd2006070113p.nc
lffd2006070114.nc
lffd2006070114p.nc
lffd2006070115.nc
lffd2006070115p.nc
lffd2006070116.nc
lffd2006070116p.nc
lffd2006070117.nc
lffd2006070117p.nc
lffd2006070118.nc
lffd2006070118p.nc
lffd2006070119.nc
lffd2006070119p.nc
lffd2006070120.nc
lffd2006070120p.nc
lffd2006070121.nc
lffd2006070121p.nc
lffd2006070122.nc
lffd2006070122p.nc
lffd2006070123.nc
lffd2006070123p.nc
lffd2006070200.nc
lffd2006070200p.nc
lffd2006070201.nc
lffd2006070201p.nc
lffd2006070202.nc
lffd2006070202p.nc
lffd2006070203.nc
lffd2006070203p.nc
lffd2006070204.nc
lffd2006070204p.nc
lffd2006070205.nc
lffd2006070205p.nc
lffd2006070206.nc
lffd2006070206p.nc
lffd2006070207.nc
lffd2006070207p.nc
lffd2006070208.nc
lffd2006070208p.nc
lffd2006070209.nc
lffd2006070209p.nc
lffd2006070210.nc
lffd2006070210p.nc
lffd2006070211.nc
lffd2006070211p.nc
lffd2006070212.nc
lffd2006070212p.nc
lffd2006070213.nc
lffd2006070213p.nc
lffd2006070214.nc
lffd2006070214p.nc
lffd2006070215.nc
lffd2006070215p.nc
lffd2006070216.nc
lffd2006070216p.nc
lffd2006070217.nc
lffd2006070217p.nc
lffd2006070218.nc
lffd2006070218p.nc
lffd2006070219.nc
lffd2006070219p.nc
lffd2006070220.nc
lffd2006070220p.nc
lffd2006070221.nc
lffd2006070221p.nc
lffd2006070222.nc
lffd2006070222p.nc
lffd2006070223.nc
lffd2006070223p.nc
lffd2006070300.nc
lffd2006070300p.nc
lffd2006070301.nc
lffd2006070301p.nc
lffd2006070302.nc
lffd2006070302p.nc
lffd2006070303.nc
lffd2006070303p.nc
lffd2006070304.nc
lffd2006070304p.nc
lffd2006070305.nc
lffd2006070305p.nc
lffd2006070306.nc
lffd2006070306p.nc
lffd2006070307.nc
lffd2006070307p.nc
lffd2006070308.nc
lffd2006070308p.nc
lffd2006070309.nc
lffd2006070309p.nc
lffd2006070310.nc
lffd2006070310p.nc
lffd2006070311.nc
lffd2006070311p.nc
lffd2006070312.nc
lffd2006070312p.nc
lffd2006070313.nc
lffd2006070313p.nc
lffd2006070314.nc
lffd2006070314p.nc
lffd2006070315.nc
lffd2006070315p.nc
lffd2006070316.nc
lffd2006070316p.nc
lffd2006070317.nc
lffd2006070317p.nc
lffd2006070318.nc
lffd2006070318p.nc
lffd2006070319.nc
lffd2006070319p.nc
lffd2006070320.nc
lffd2006070320p.nc
lffd2006070321.nc
lffd2006070321p.nc
lffd2006070322.nc
lffd2006070322p.nc
lffd2006070323.nc
lffd2006070323p.nc
lffd2006070400.nc
lffd2006070400p.nc
lffd2006070401.nc
lffd2006070401p.nc
lffd2006070402.nc
lffd2006070402p.nc
lffd2006070403.nc
lffd2006070403p.nc
lffd2006070404.nc
lffd2006070404p.nc
lffd2006070405.nc
lffd2006070405p.nc
lffd2006070406.nc
lffd2006070406p.nc
lffd2006070407.nc
lffd2006070407p.nc
lffd2006070408.nc
lffd2006070408p.nc
lffd2006070409.nc
lffd2006070409p.nc
lffd2006070410.nc
lffd2006070410p.nc
lffd2006070411.nc
lffd2006070411p.nc
lffd2006070412.nc
lffd2006070412p.nc
lffd2006070413.nc
lffd2006070413p.nc
lffd2006070414.nc
lffd2006070414p.nc
lffd2006070415.nc
lffd2006070415p.nc
lffd2006070416.nc
lffd2006070416p.nc
lffd2006070417.nc
lffd2006070417p.nc
lffd2006070418.nc
lffd2006070418p.nc
lffd2006070419.nc
lffd2006070419p.nc
lffd2006070420.nc
lffd2006070420p.nc
lffd2006070421.nc
lffd2006070421p.nc
lffd2006070422.nc
lffd2006070422p.nc
lffd2006070423.nc
lffd2006070423p.nc
lffd2006070500.nc
lffd2006070500p.nc
lffd2006070501.nc
lffd2006070501p.nc
lffd2006070502.nc
lffd2006070502p.nc
lffd2006070503.nc
lffd2006070503p.nc
lffd2006070504.nc
lffd2006070504p.nc
lffd2006070505.nc
lffd2006070505p.nc
lffd2006070506.nc
lffd2006070506p.nc
lffd2006070507.nc
lffd2006070507p.nc
lffd2006070508.nc
lffd2006070508p.nc
lffd2006070509.nc
lffd2006070509p.nc
lffd2006070510.nc
lffd2006070510p.nc
lffd2006070511.nc
lffd2006070511p.nc
lffd2006070512.nc
lffd2006070512p.nc
lffd2006070513.nc
lffd2006070513p.nc
lffd2006070514.nc
lffd2006070514p.nc
lffd2006070515.nc
lffd2006070515p.nc
lffd2006070516.nc
lffd2006070516p.nc
lffd2006070517.nc
lffd2006070517p.nc
lffd2006070518.nc
lffd2006070518p.nc
lffd2006070519.nc
lffd2006070519p.nc
lffd2006070520.nc
lffd2006070520p.nc
lffd2006070521.nc
lffd2006070521p.nc
lffd2006070522.nc
lffd2006070522p.nc
lffd2006070523.nc
lffd2006070523p.nc
lffd2006070600.nc
lffd2006070600p.nc
lffd2006070601.nc
lffd2006070601p.nc
lffd2006070602.nc
lffd2006070602p.nc
lffd2006070603.nc
lffd2006070603p.nc
lffd2006070604.nc
lffd2006070604p.nc
lffd2006070605.nc
lffd2006070605p.nc
lffd2006070606.nc
lffd2006070606p.nc
lffd2006070607.nc
lffd2006070607p.nc
lffd2006070608.nc
lffd2006070608p.nc
lffd2006070609.nc
lffd2006070609p.nc
lffd2006070610.nc
lffd2006070610p.nc
lffd2006070611.nc
lffd2006070611p.nc
lffd2006070612.nc
lffd2006070612p.nc
lffd2006070613.nc
lffd2006070613p.nc
lffd2006070614.nc
lffd2006070614p.nc
lffd2006070615.nc
lffd2006070615p.nc
lffd2006070616.nc
lffd2006070616p.nc
lffd2006070617.nc
lffd2006070617p.nc
lffd2006070618.nc
lffd2006070618p.nc
lffd2006070619.nc
lffd2006070619p.nc
lffd2006070620.nc
lffd2006070620p.nc
lffd2006070621.nc
lffd2006070621p.nc
lffd2006070622.nc
lffd2006070622p.nc
lffd2006070623.nc
lffd2006070623p.nc
lffd2006070700.nc
lffd2006070700p.nc
lffd2006070701.nc
lffd2006070701p.nc
lffd2006070702.nc
lffd2006070702p.nc
lffd2006070703.nc
lffd2006070703p.nc
lffd2006070704.nc
lffd2006070704p.nc
lffd2006070705.nc
lffd2006070705p.nc
lffd2006070706.nc
lffd2006070706p.nc
lffd2006070707.nc
lffd2006070707p.nc
lffd2006070708.nc
lffd2006070708p.nc
lffd2006070709.nc
lffd2006070709p.nc
lffd2006070710.nc
lffd2006070710p.nc
lffd2006070711.nc
lffd2006070711p.nc
lffd2006070712.nc
lffd2006070712p.nc
lffd2006070713.nc
lffd2006070713p.nc
lffd2006070714.nc
lffd2006070714p.nc
lffd2006070715.nc
lffd2006070715p.nc
lffd2006070716.nc
lffd2006070716p.nc
lffd2006070717.nc
lffd2006070717p.nc
lffd2006070718.nc
lffd2006070718p.nc
lffd2006070719.nc
lffd2006070719p.nc
lffd2006070720.nc
lffd2006070720p.nc
lffd2006070721.nc
lffd2006070721p.nc
lffd2006070722.nc
lffd2006070722p.nc
lffd2006070723.nc
lffd2006070723p.nc
lffd2006070800.nc
lffd2006070800p.nc
lffd2006070801.nc
lffd2006070801p.nc
lffd2006070802.nc
lffd2006070802p.nc
lffd2006070803.nc
lffd2006070803p.nc
lffd2006070804.nc
lffd2006070804p.nc
lffd2006070805.nc
lffd2006070805p.nc
lffd2006070806.nc
lffd2006070806p.nc
lffd2006070807.nc
lffd2006070807p.nc
lffd2006070808.nc
lffd2006070808p.nc
lffd2006070809.nc
lffd2006070809p.nc
lffd2006070810.nc
lffd2006070810p.nc
lffd2006070811.nc
lffd2006070811p.nc
lffd2006070812.nc
lffd2006070812p.nc
lffd2006070813.nc
lffd2006070813p.nc
lffd2006070814.nc
lffd2006070814p.nc
lffd2006070815.nc
lffd2006070815p.nc
lffd2006070816.nc
lffd2006070816p.nc
lffd2006070817.nc
lffd2006070817p.nc
lffd2006070818.nc
lffd2006070818p.nc
lffd2006070819.nc
lffd2006070819p.nc
lffd2006070820.nc
lffd2006070820p.nc
lffd2006070821.nc
lffd2006070821p.nc
lffd2006070822.nc
lffd2006070822p.nc
lffd2006070823.nc
lffd2006070823p.nc
lffd2006070900.nc
lffd2006070900p.nc
lffd2006070901.nc
lffd2006070901p.nc
lffd2006070902.nc
lffd2006070902p.nc
lffd2006070903.nc
lffd2006070903p.nc
lffd2006070904.nc
lffd2006070904p.nc
lffd2006070905.nc
lffd2006070905p.nc
lffd2006070906.nc
lffd2006070906p.nc
lffd2006070907.nc
lffd2006070907p.nc
lffd2006070908.nc
lffd2006070908p.nc
lffd2006070909.nc
lffd2006070909p.nc
lffd2006070910.nc
lffd2006070910p.nc
lffd2006070911.nc
lffd2006070911p.nc
lffd2006070912.nc
lffd2006070912p.nc
lffd2006070913.nc
lffd2006070913p.nc
lffd2006070914.nc
lffd2006070914p.nc
lffd2006070915.nc
lffd2006070915p.nc
lffd2006070916.nc
lffd2006070916p.nc
lffd2006070917.nc
lffd2006070917p.nc
lffd2006070918.nc
lffd2006070918p.nc
lffd2006070919.nc
lffd2006070919p.nc
lffd2006070920.nc
lffd2006070920p.nc
lffd2006070921.nc
lffd2006070921p.nc
lffd2006070922.nc
lffd2006070922p.nc
lffd2006070923.nc
lffd2006070923p.nc
lffd2006071000.nc
lffd2006071000p.nc
lffd2006071001.nc
lffd2006071001p.nc
lffd2006071002.nc
lffd2006071002p.nc
lffd2006071003.nc
lffd2006071003p.nc
lffd2006071004.nc
lffd2006071004p.nc
lffd2006071005.nc
lffd2006071005p.nc
lffd2006071006.nc
lffd2006071006p.nc
lffd2006071007.nc
lffd2006071007p.nc
lffd2006071008.nc
lffd2006071008p.nc
lffd2006071009.nc
lffd2006071009p.nc
lffd2006071010.nc
lffd2006071010p.nc
lffd2006071011.nc
lffd2006071011p.nc
lffd2006071012.nc
lffd2006071012p.nc
lffd2006071013.nc
lffd2006071013p.nc
lffd2006071014.nc
lffd2006071014p.nc
lffd2006071015.nc
lffd2006071015p.nc
lffd2006071016.nc
lffd2006071016p.nc
lffd2006071017.nc
lffd2006071017p.nc
lffd2006071018.nc
lffd2006071018p.nc
lffd2006071019.nc
lffd2006071019p.nc
lffd2006071020.nc
lffd2006071020p.nc
lffd2006071021.nc
lffd2006071021p.nc
lffd2006071022.nc
lffd2006071022p.nc
lffd2006071023.nc
lffd2006071023p.nc
lffd2006071100.nc
lffd2006071100p.nc
lffd2006071101.nc
lffd2006071101p.nc
lffd2006071102.nc
lffd2006071102p.nc
lffd2006071103.nc
lffd2006071103p.nc
lffd2006071104.nc
lffd2006071104p.nc
lffd2006071105.nc
lffd2006071105p.nc
lffd2006071106.nc
lffd2006071106p.nc
lffd2006071107.nc
lffd2006071107p.nc
lffd2006071108.nc
lffd2006071108p.nc
lffd2006071109.nc
lffd2006071109p.nc
lffd2006071110.nc
lffd2006071110p.nc
lffd2006071111.nc
lffd2006071111p.nc
lffd2006071112.nc
lffd2006071112p.nc
lffd2006071113.nc
lffd2006071113p.nc
lffd2006071114.nc
lffd2006071114p.nc
lffd2006071115.nc
lffd2006071115p.nc
lffd2006071116.nc
lffd2006071116p.nc
lffd2006071117.nc
lffd2006071117p.nc
lffd2006071118.nc
lffd2006071118p.nc
lffd2006071119.nc
lffd2006071119p.nc
lffd2006071120.nc
lffd2006071120p.nc
lffd2006071121.nc
lffd2006071121p.nc
lffd2006071122.nc
lffd2006071122p.nc
lffd2006071123.nc
lffd2006071123p.nc
lffd2006071200.nc
lffd2006071200p.nc
lffd2006071201.nc
lffd2006071201p.nc
lffd2006071202.nc
lffd2006071202p.nc
lffd2006071203.nc
lffd2006071203p.nc
lffd2006071204.nc
lffd2006071204p.nc
lffd2006071205.nc
lffd2006071205p.nc
lffd2006071206.nc
lffd2006071206p.nc
lffd2006071207.nc
lffd2006071207p.nc
lffd2006071208.nc
lffd2006071208p.nc
lffd2006071209.nc
lffd2006071209p.nc
lffd2006071210.nc
lffd2006071210p.nc
lffd2006071211.nc
lffd2006071211p.nc
lffd2006071212.nc
lffd2006071212p.nc
lffd2006071213.nc
lffd2006071213p.nc
lffd2006071214.nc
lffd2006071214p.nc
lffd2006071215.nc
lffd2006071215p.nc
lffd2006071216.nc
lffd2006071216p.nc
lffd2006071217.nc
lffd2006071217p.nc
lffd2006071218.nc
lffd2006071218p.nc
lffd2006071219.nc
lffd2006071219p.nc
lffd2006071220.nc
lffd2006071220p.nc
lffd2006071221.nc
lffd2006071221p.nc
lffd2006071222.nc
lffd2006071222p.nc
lffd2006071223.nc
lffd2006071223p.nc
lffd2006071300.nc
lffd2006071300p.nc
lffd2006071301.nc
lffd2006071301p.nc
lffd2006071302.nc
lffd2006071302p.nc
lffd2006071303.nc
lffd2006071303p.nc
lffd2006071304.nc
lffd2006071304p.nc
lffd2006071305.nc
lffd2006071305p.nc
lffd2006071306.nc
lffd2006071306p.nc
lffd2006071307.nc
lffd2006071307p.nc
lffd2006071308.nc
lffd2006071308p.nc
lffd2006071309.nc
lffd2006071309p.nc
lffd2006071310.nc
lffd2006071310p.nc
lffd2006071311.nc
lffd2006071311p.nc
lffd2006071312.nc
lffd2006071312p.nc
lffd2006071313.nc
lffd2006071313p.nc
lffd2006071314.nc
lffd2006071314p.nc
lffd2006071315.nc
lffd2006071315p.nc
lffd2006071316.nc
lffd2006071316p.nc
lffd2006071317.nc
lffd2006071317p.nc
lffd2006071318.nc
lffd2006071318p.nc
lffd2006071319.nc
lffd2006071319p.nc
lffd2006071320.nc
lffd2006071320p.nc
lffd2006071321.nc
lffd2006071321p.nc
lffd2006071322.nc
lffd2006071322p.nc
lffd2006071323.nc
lffd2006071323p.nc
lffd2006071400.nc
lffd2006071400p.nc
lffd2006071401.nc
lffd2006071401p.nc
lffd2006071402.nc
lffd2006071402p.nc
lffd2006071403.nc
lffd2006071403p.nc
lffd2006071404.nc
lffd2006071404p.nc
lffd2006071405.nc
lffd2006071405p.nc
lffd2006071406.nc
lffd2006071406p.nc
lffd2006071407.nc
lffd2006071407p.nc
lffd2006071408.nc
lffd2006071408p.nc
lffd2006071409.nc
lffd2006071409p.nc
lffd2006071410.nc
lffd2006071410p.nc
lffd2006071411.nc
lffd2006071411p.nc
lffd2006071412.nc
lffd2006071412p.nc
lffd2006071413.nc
lffd2006071413p.nc
lffd2006071414.nc
lffd2006071414p.nc
lffd2006071415.nc
lffd2006071415p.nc
lffd2006071416.nc
lffd2006071416p.nc
lffd2006071417.nc
lffd2006071417p.nc
lffd2006071418.nc
lffd2006071418p.nc
lffd2006071419.nc
lffd2006071419p.nc
lffd2006071420.nc
lffd2006071420p.nc
lffd2006071421.nc
lffd2006071421p.nc
lffd2006071422.nc
lffd2006071422p.nc
lffd2006071423.nc
lffd2006071423p.nc
lffd2006071500.nc
lffd2006071500p.nc
lffd2006071501.nc
lffd2006071501p.nc
lffd2006071502.nc
lffd2006071502p.nc
lffd2006071503.nc
lffd2006071503p.nc
lffd2006071504.nc
lffd2006071504p.nc
lffd2006071505.nc
lffd2006071505p.nc
lffd2006071506.nc
lffd2006071506p.nc
lffd2006071507.nc
lffd2006071507p.nc
lffd2006071508.nc
lffd2006071508p.nc
lffd2006071509.nc
lffd2006071509p.nc
lffd2006071510.nc
lffd2006071510p.nc
lffd2006071511.nc
lffd2006071511p.nc
lffd2006071512.nc
lffd2006071512p.nc
lffd2006071513.nc
lffd2006071513p.nc
lffd2006071514.nc
lffd2006071514p.nc
lffd2006071515.nc
lffd2006071515p.nc
lffd2006071516.nc
lffd2006071516p.nc
lffd2006071517.nc
lffd2006071517p.nc
lffd2006071518.nc
lffd2006071518p.nc
lffd2006071519.nc
lffd2006071519p.nc
lffd2006071520.nc
lffd2006071520p.nc
lffd2006071521.nc
lffd2006071521p.nc
lffd2006071522.nc
lffd2006071522p.nc
lffd2006071523.nc
lffd2006071523p.nc
lffd2006071600.nc
lffd2006071600p.nc
lffd2006071601.nc
lffd2006071601p.nc
lffd2006071602.nc
lffd2006071602p.nc
lffd2006071603.nc
lffd2006071603p.nc
lffd2006071604.nc
lffd2006071604p.nc
lffd2006071605.nc
lffd2006071605p.nc
lffd2006071606.nc
lffd2006071606p.nc
lffd2006071607.nc
lffd2006071607p.nc
lffd2006071608.nc
lffd2006071608p.nc
lffd2006071609.nc
lffd2006071609p.nc
lffd2006071610.nc
lffd2006071610p.nc
lffd2006071611.nc
lffd2006071611p.nc
lffd2006071612.nc
lffd2006071612p.nc
lffd2006071613.nc
lffd2006071613p.nc
lffd2006071614.nc
lffd2006071614p.nc
lffd2006071615.nc
lffd2006071615p.nc
lffd2006071616.nc
lffd2006071616p.nc
lffd2006071617.nc
lffd2006071617p.nc
lffd2006071618.nc
lffd2006071618p.nc
lffd2006071619.nc
lffd2006071619p.nc
lffd2006071620.nc
lffd2006071620p.nc
lffd2006071621.nc
lffd2006071621p.nc
lffd2006071622.nc
lffd2006071622p.nc
lffd2006071623.nc
lffd2006071623p.nc
lffd2006071700.nc
lffd2006071700p.nc
lffd2006071701.nc
lffd2006071701p.nc
lffd2006071702.nc
lffd2006071702p.nc
lffd2006071703.nc
lffd2006071703p.nc
lffd2006071704.nc
lffd2006071704p.nc
lffd2006071705.nc
lffd2006071705p.nc
lffd2006071706.nc
lffd2006071706p.nc
lffd2006071707.nc
lffd2006071707p.nc
lffd2006071708.nc
lffd2006071708p.nc
lffd2006071709.nc
lffd2006071709p.nc
lffd2006071710.nc
lffd2006071710p.nc
lffd2006071711.nc
lffd2006071711p.nc
lffd2006071712.nc
lffd2006071712p.nc
lffd2006071713.nc
lffd2006071713p.nc
lffd2006071714.nc
lffd2006071714p.nc
lffd2006071715.nc
lffd2006071715p.nc
lffd2006071716.nc
lffd2006071716p.nc
lffd2006071717.nc
lffd2006071717p.nc
lffd2006071718.nc
lffd2006071718p.nc
lffd2006071719.nc
lffd2006071719p.nc
lffd2006071720.nc
lffd2006071720p.nc
lffd2006071721.nc
lffd2006071721p.nc
lffd2006071722.nc
lffd2006071722p.nc
lffd2006071723.nc
lffd2006071723p.nc
lffd2006071800.nc
lffd2006071800p.nc
lffd2006071801.nc
lffd2006071801p.nc
lffd2006071802.nc
lffd2006071802p.nc
lffd2006071803.nc
lffd2006071803p.nc
lffd2006071804.nc
lffd2006071804p.nc
lffd2006071805.nc
lffd2006071805p.nc
lffd2006071806.nc
lffd2006071806p.nc
lffd2006071807.nc
lffd2006071807p.nc
lffd2006071808.nc
lffd2006071808p.nc
lffd2006071809.nc
lffd2006071809p.nc
lffd2006071810.nc
lffd2006071810p.nc
lffd2006071811.nc
lffd2006071811p.nc
lffd2006071812.nc
lffd2006071812p.nc
lffd2006071813.nc
lffd2006071813p.nc
lffd2006071814.nc
lffd2006071814p.nc
lffd2006071815.nc
lffd2006071815p.nc
lffd2006071816.nc
lffd2006071816p.nc
lffd2006071817.nc
lffd2006071817p.nc
lffd2006071818.nc
lffd2006071818p.nc
lffd2006071819.nc
lffd2006071819p.nc
lffd2006071820.nc
lffd2006071820p.nc
lffd2006071821.nc
lffd2006071821p.nc
lffd2006071822.nc
lffd2006071822p.nc
lffd2006071823.nc
lffd2006071823p.nc
lffd2006071900.nc
lffd2006071900p.nc
lffd2006071901.nc
lffd2006071901p.nc
lffd2006071902.nc
lffd2006071902p.nc
lffd2006071903.nc
lffd2006071903p.nc
lffd2006071904.nc
lffd2006071904p.nc
lffd2006071905.nc
lffd2006071905p.nc
lffd2006071906.nc
lffd2006071906p.nc
lffd2006071907.nc
lffd2006071907p.nc
lffd2006071908.nc
lffd2006071908p.nc
lffd2006071909.nc
lffd2006071909p.nc
lffd2006071910.nc
lffd2006071910p.nc
lffd2006071911.nc
lffd2006071911p.nc
lffd2006071912.nc
lffd2006071912p.nc
lffd2006071913.nc
lffd2006071913p.nc
lffd2006071914.nc
lffd2006071914p.nc
lffd2006071915.nc
lffd2006071915p.nc
lffd2006071916.nc
lffd2006071916p.nc
lffd2006071917.nc
lffd2006071917p.nc
lffd2006071918.nc
lffd2006071918p.nc
lffd2006071919.nc
lffd2006071919p.nc
lffd2006071920.nc
lffd2006071920p.nc
lffd2006071921.nc
lffd2006071921p.nc
lffd2006071922.nc
lffd2006071922p.nc
lffd2006071923.nc
lffd2006071923p.nc
lffd2006072000.nc
lffd2006072000p.nc
lffd2006072001.nc
lffd2006072001p.nc
lffd2006072002.nc
lffd2006072002p.nc
lffd2006072003.nc
lffd2006072003p.nc
lffd2006072004.nc
lffd2006072004p.nc
lffd2006072005.nc
lffd2006072005p.nc
lffd2006072006.nc
lffd2006072006p.nc
lffd2006072007.nc
lffd2006072007p.nc
lffd2006072008.nc
lffd2006072008p.nc
lffd2006072009.nc
lffd2006072009p.nc
lffd2006072010.nc
lffd2006072010p.nc
lffd2006072011.nc
lffd2006072011p.nc
lffd2006072012.nc
lffd2006072012p.nc
lffd2006072013.nc
lffd2006072013p.nc
lffd2006072014.nc
lffd2006072014p.nc
lffd2006072015.nc
lffd2006072015p.nc
lffd2006072016.nc
lffd2006072016p.nc
lffd2006072017.nc
lffd2006072017p.nc
lffd2006072018.nc
lffd2006072018p.nc
lffd2006072019.nc
lffd2006072019p.nc
lffd2006072020.nc
lffd2006072020p.nc
lffd2006072021.nc
lffd2006072021p.nc
lffd2006072022.nc
lffd2006072022p.nc
lffd2006072023.nc
lffd2006072023p.nc
lffd2006072100.nc
lffd2006072100p.nc
lffd2006072101.nc
lffd2006072101p.nc
lffd2006072102.nc
lffd2006072102p.nc
lffd2006072103.nc
lffd2006072103p.nc
lffd2006072104.nc
lffd2006072104p.nc
lffd2006072105.nc
lffd2006072105p.nc
lffd2006072106.nc
lffd2006072106p.nc
lffd2006072107.nc
lffd2006072107p.nc
lffd2006072108.nc
lffd2006072108p.nc
lffd2006072109.nc
lffd2006072109p.nc
lffd2006072110.nc
lffd2006072110p.nc
lffd2006072111.nc
lffd2006072111p.nc
lffd2006072112.nc
lffd2006072112p.nc
lffd2006072113.nc
lffd2006072113p.nc
lffd2006072114.nc
lffd2006072114p.nc
lffd2006072115.nc
lffd2006072115p.nc
lffd2006072116.nc
lffd2006072116p.nc
lffd2006072117.nc
lffd2006072117p.nc
lffd2006072118.nc
lffd2006072118p.nc
lffd2006072119.nc
lffd2006072119p.nc
lffd2006072120.nc
lffd2006072120p.nc
lffd2006072121.nc
lffd2006072121p.nc
lffd2006072122.nc
lffd2006072122p.nc
lffd2006072123.nc
lffd2006072123p.nc
lffd2006072200.nc
lffd2006072200p.nc
lffd2006072201.nc
lffd2006072201p.nc
lffd2006072202.nc
lffd2006072202p.nc
lffd2006072203.nc
lffd2006072203p.nc
lffd2006072204.nc
lffd2006072204p.nc
lffd2006072205.nc
lffd2006072205p.nc
lffd2006072206.nc
lffd2006072206p.nc
lffd2006072207.nc
lffd2006072207p.nc
lffd2006072208.nc
lffd2006072208p.nc
lffd2006072209.nc
lffd2006072209p.nc
lffd2006072210.nc
lffd2006072210p.nc
lffd2006072211.nc
lffd2006072211p.nc
lffd2006072212.nc
lffd2006072212p.nc
lffd2006072213.nc
lffd2006072213p.nc
lffd2006072214.nc
lffd2006072214p.nc
lffd2006072215.nc
lffd2006072215p.nc
lffd2006072216.nc
lffd2006072216p.nc
lffd2006072217.nc
lffd2006072217p.nc
lffd2006072218.nc
lffd2006072218p.nc
lffd2006072219.nc
lffd2006072219p.nc
lffd2006072220.nc
lffd2006072220p.nc
lffd2006072221.nc
lffd2006072221p.nc
lffd2006072222.nc
lffd2006072222p.nc
lffd2006072223.nc
lffd2006072223p.nc
lffd2006072300.nc
lffd2006072300p.nc
lffd2006072301.nc
lffd2006072301p.nc
lffd2006072302.nc
lffd2006072302p.nc
lffd2006072303.nc
lffd2006072303p.nc
lffd2006072304.nc
lffd2006072304p.nc
lffd2006072305.nc
lffd2006072305p.nc
lffd2006072306.nc
lffd2006072306p.nc
lffd2006072307.nc
lffd2006072307p.nc
lffd2006072308.nc
lffd2006072308p.nc
lffd2006072309.nc
lffd2006072309p.nc
lffd2006072310.nc
lffd2006072310p.nc
lffd2006072311.nc
lffd2006072311p.nc
lffd2006072312.nc
lffd2006072312p.nc
lffd2006072313.nc
lffd2006072313p.nc
lffd2006072314.nc
lffd2006072314p.nc
lffd2006072315.nc
lffd2006072315p.nc
lffd2006072316.nc
lffd2006072316p.nc
lffd2006072317.nc
lffd2006072317p.nc
lffd2006072318.nc
lffd2006072318p.nc
lffd2006072319.nc
lffd2006072319p.nc
lffd2006072320.nc
lffd2006072320p.nc
lffd2006072321.nc
lffd2006072321p.nc
lffd2006072322.nc
lffd2006072322p.nc
lffd2006072323.nc
lffd2006072323p.nc
lffd2006072400.nc
lffd2006072400p.nc
lffd2006072401.nc
lffd2006072401p.nc
lffd2006072402.nc
lffd2006072402p.nc
lffd2006072403.nc
lffd2006072403p.nc
lffd2006072404.nc
lffd2006072404p.nc
lffd2006072405.nc
lffd2006072405p.nc
lffd2006072406.nc
lffd2006072406p.nc
lffd2006072407.nc
lffd2006072407p.nc
lffd2006072408.nc
lffd2006072408p.nc
lffd2006072409.nc
lffd2006072409p.nc
lffd2006072410.nc
lffd2006072410p.nc
lffd2006072411.nc
lffd2006072411p.nc
lffd2006072412.nc
lffd2006072412p.nc
lffd2006072413.nc
lffd2006072413p.nc
lffd2006072414.nc
lffd2006072414p.nc
lffd2006072415.nc
lffd2006072415p.nc
lffd2006072416.nc
lffd2006072416p.nc
lffd2006072417.nc
lffd2006072417p.nc
lffd2006072418.nc
lffd2006072418p.nc
lffd2006072419.nc
lffd2006072419p.nc
lffd2006072420.nc
lffd2006072420p.nc
lffd2006072421.nc
lffd2006072421p.nc
lffd2006072422.nc
lffd2006072422p.nc
lffd2006072423.nc
lffd2006072423p.nc
lffd2006072500.nc
lffd2006072500p.nc
lffd2006072501.nc
lffd2006072501p.nc
lffd2006072502.nc
lffd2006072502p.nc
lffd2006072503.nc
lffd2006072503p.nc
lffd2006072504.nc
lffd2006072504p.nc
lffd2006072505.nc
lffd2006072505p.nc
lffd2006072506.nc
lffd2006072506p.nc
lffd2006072507.nc
lffd2006072507p.nc
lffd2006072508.nc
lffd2006072508p.nc
lffd2006072509.nc
lffd2006072509p.nc
lffd2006072510.nc
lffd2006072510p.nc
lffd2006072511.nc
lffd2006072511p.nc
lffd2006072512.nc
lffd2006072512p.nc
lffd2006072513.nc
lffd2006072513p.nc
lffd2006072514.nc
lffd2006072514p.nc
lffd2006072515.nc
lffd2006072515p.nc
lffd2006072516.nc
lffd2006072516p.nc
lffd2006072517.nc
lffd2006072517p.nc
lffd2006072518.nc
lffd2006072518p.nc
lffd2006072519.nc
lffd2006072519p.nc
lffd2006072520.nc
lffd2006072520p.nc
lffd2006072521.nc
lffd2006072521p.nc
lffd2006072522.nc
lffd2006072522p.nc
lffd2006072523.nc
lffd2006072523p.nc
lffd2006072600.nc
lffd2006072600p.nc
lffd2006072601.nc
lffd2006072601p.nc
lffd2006072602.nc
lffd2006072602p.nc
lffd2006072603.nc
lffd2006072603p.nc
lffd2006072604.nc
lffd2006072604p.nc
lffd2006072605.nc
lffd2006072605p.nc
lffd2006072606.nc
lffd2006072606p.nc
lffd2006072607.nc
lffd2006072607p.nc
lffd2006072608.nc
lffd2006072608p.nc
lffd2006072609.nc
lffd2006072609p.nc
lffd2006072610.nc
lffd2006072610p.nc
lffd2006072611.nc
lffd2006072611p.nc
lffd2006072612.nc
lffd2006072612p.nc
lffd2006072613.nc
lffd2006072613p.nc
lffd2006072614.nc
lffd2006072614p.nc
lffd2006072615.nc
lffd2006072615p.nc
lffd2006072616.nc
lffd2006072616p.nc
lffd2006072617.nc
lffd2006072617p.nc
lffd2006072618.nc
lffd2006072618p.nc
lffd2006072619.nc
lffd2006072619p.nc
lffd2006072620.nc
lffd2006072620p.nc
lffd2006072621.nc
lffd2006072621p.nc
lffd2006072622.nc
lffd2006072622p.nc
lffd2006072623.nc
lffd2006072623p.nc
lffd2006072700.nc
lffd2006072700p.nc
lffd2006072701.nc
lffd2006072701p.nc
lffd2006072702.nc
lffd2006072702p.nc
lffd2006072703.nc
lffd2006072703p.nc
lffd2006072704.nc
lffd2006072704p.nc
lffd2006072705.nc
lffd2006072705p.nc
lffd2006072706.nc
lffd2006072706p.nc
lffd2006072707.nc
lffd2006072707p.nc
lffd2006072708.nc
lffd2006072708p.nc
lffd2006072709.nc
lffd2006072709p.nc
lffd2006072710.nc
lffd2006072710p.nc
lffd2006072711.nc
lffd2006072711p.nc
lffd2006072712.nc
lffd2006072712p.nc
lffd2006072713.nc
lffd2006072713p.nc
lffd2006072714.nc
lffd2006072714p.nc
lffd2006072715.nc
lffd2006072715p.nc
lffd2006072716.nc
lffd2006072716p.nc
lffd2006072717.nc
lffd2006072717p.nc
lffd2006072718.nc
lffd2006072718p.nc
lffd2006072719.nc
lffd2006072719p.nc
lffd2006072720.nc
lffd2006072720p.nc
lffd2006072721.nc
lffd2006072721p.nc
lffd2006072722.nc
lffd2006072722p.nc
lffd2006072723.nc
lffd2006072723p.nc
lffd2006072800.nc
lffd2006072800p.nc
lffd2006072801.nc
lffd2006072801p.nc
lffd2006072802.nc
lffd2006072802p.nc
lffd2006072803.nc
lffd2006072803p.nc
lffd2006072804.nc
lffd2006072804p.nc
lffd2006072805.nc
lffd2006072805p.nc
lffd2006072806.nc
lffd2006072806p.nc
lffd2006072807.nc
lffd2006072807p.nc
lffd2006072808.nc
lffd2006072808p.nc
lffd2006072809.nc
lffd2006072809p.nc
lffd2006072810.nc
lffd2006072810p.nc
lffd2006072811.nc
lffd2006072811p.nc
lffd2006072812.nc
lffd2006072812p.nc
lffd2006072813.nc
lffd2006072813p.nc
lffd2006072814.nc
lffd2006072814p.nc
lffd2006072815.nc
lffd2006072815p.nc
lffd2006072816.nc
lffd2006072816p.nc
lffd2006072817.nc
lffd2006072817p.nc
lffd2006072818.nc
lffd2006072818p.nc
lffd2006072819.nc
lffd2006072819p.nc
lffd2006072820.nc
lffd2006072820p.nc
lffd2006072821.nc
lffd2006072821p.nc
lffd2006072822.nc
lffd2006072822p.nc
lffd2006072823.nc
lffd2006072823p.nc
lffd2006072900.nc
lffd2006072900p.nc
lffd2006072901.nc
lffd2006072901p.nc
lffd2006072902.nc
lffd2006072902p.nc
lffd2006072903.nc
lffd2006072903p.nc
lffd2006072904.nc
lffd2006072904p.nc
lffd2006072905.nc
lffd2006072905p.nc
lffd2006072906.nc
lffd2006072906p.nc
lffd2006072907.nc
lffd2006072907p.nc
lffd2006072908.nc
lffd2006072908p.nc
lffd2006072909.nc
lffd2006072909p.nc
lffd2006072910.nc
lffd2006072910p.nc
lffd2006072911.nc
lffd2006072911p.nc
lffd2006072912.nc
lffd2006072912p.nc
lffd2006072913.nc
lffd2006072913p.nc
lffd2006072914.nc
lffd2006072914p.nc
lffd2006072915.nc
lffd2006072915p.nc
lffd2006072916.nc
lffd2006072916p.nc
lffd2006072917.nc
lffd2006072917p.nc
lffd2006072918.nc
lffd2006072918p.nc
lffd2006072919.nc
lffd2006072919p.nc
lffd2006072920.nc
lffd2006072920p.nc
lffd2006072921.nc
lffd2006072921p.nc
lffd2006072922.nc
lffd2006072922p.nc
lffd2006072923.nc
lffd2006072923p.nc
lffd2006073000.nc
lffd2006073000p.nc
lffd2006073001.nc
lffd2006073001p.nc
lffd2006073002.nc
lffd2006073002p.nc
lffd2006073003.nc
lffd2006073003p.nc
lffd2006073004.nc
lffd2006073004p.nc
lffd2006073005.nc
lffd2006073005p.nc
lffd2006073006.nc
lffd2006073006p.nc
lffd2006073007.nc
lffd2006073007p.nc
lffd2006073008.nc
lffd2006073008p.nc
lffd2006073009.nc
lffd2006073009p.nc
lffd2006073010.nc
lffd2006073010p.nc
lffd2006073011.nc
lffd2006073011p.nc
lffd2006073012.nc
lffd2006073012p.nc
lffd2006073013.nc
lffd2006073013p.nc
lffd2006073014.nc
lffd2006073014p.nc
lffd2006073015.nc
lffd2006073015p.nc
lffd2006073016.nc
lffd2006073016p.nc
lffd2006073017.nc
lffd2006073017p.nc
lffd2006073018.nc
lffd2006073018p.nc
lffd2006073019.nc
lffd2006073019p.nc
lffd2006073020.nc
lffd2006073020p.nc
lffd2006073021.nc
lffd2006073021p.nc
lffd2006073022.nc
lffd2006073022p.nc
lffd2006073023.nc
lffd2006073023p.nc
lffd2006073100.nc
lffd2006073100p.nc
lffd2006073101.nc
lffd2006073101p.nc
lffd2006073102.nc
lffd2006073102p.nc
lffd2006073103.nc
lffd2006073103p.nc
lffd2006073104.nc
lffd2006073104p.nc
lffd2006073105.nc
lffd2006073105p.nc
lffd2006073106.nc
lffd2006073106p.nc
lffd2006073107.nc
lffd2006073107p.nc
lffd2006073108.nc
lffd2006073108p.nc
lffd2006073109.nc
lffd2006073109p.nc
lffd2006073110.nc
lffd2006073110p.nc
lffd2006073111.nc
lffd2006073111p.nc
lffd2006073112.nc
lffd2006073112p.nc
lffd2006073113.nc
lffd2006073113p.nc
lffd2006073114.nc
lffd2006073114p.nc
lffd2006073115.nc
lffd2006073115p.nc
lffd2006073116.nc
lffd2006073116p.nc
lffd2006073117.nc
lffd2006073117p.nc
lffd2006073118.nc
lffd2006073118p.nc
lffd2006073119.nc
lffd2006073119p.nc
lffd2006073120.nc
lffd2006073120p.nc
lffd2006073121.nc
lffd2006073121p.nc
lffd2006073122.nc
lffd2006073122p.nc
lffd2006073123.nc
lffd2006073123p.nc
lffd2006080100.nc
lffd2006080100p.nc

sent 355165307573 bytes  received 28341 bytes  117468277.13 bytes/sec
total size is 355121872888  speedup is 1.00
sending incremental file list
created directory output/lm_f/24h
lffd2006070100.nc
lffd2006070100c.nc
lffd2006070200.nc
lffd2006070300.nc
lffd2006070400.nc
lffd2006070500.nc
lffd2006070600.nc
lffd2006070700.nc
lffd2006070800.nc
lffd2006070900.nc
lffd2006071000.nc
lffd2006071100.nc
lffd2006071200.nc
lffd2006071300.nc
lffd2006071400.nc
lffd2006071500.nc
lffd2006071600.nc
lffd2006071700.nc
lffd2006071800.nc
lffd2006071900.nc
lffd2006072000.nc
lffd2006072100.nc
lffd2006072200.nc
lffd2006072300.nc
lffd2006072400.nc
lffd2006072500.nc
lffd2006072600.nc
lffd2006072700.nc
lffd2006072800.nc
lffd2006072900.nc
lffd2006073000.nc
lffd2006073100.nc
lffd2006080100.nc

sent 7182737623 bytes  received 639 bytes  113113988.38 bytes/sec
total size is 7181858944  speedup is 1.00
sending incremental file list
rsync: link_stat "/scratch/snx3000/davidle/sm_pert_10a/dry25_Western_Alps/6_put_data_2006/input_lm_c/laf2006*" failed: No such file or directory (2)

sent 12 bytes  received 12 bytes  48.00 bytes/sec
total size is 0  speedup is 0.00
rsync error: some files/attrs were not transferred (see previous errors) (code 23) at main.c(1052) [sender=3.0.9]
sending incremental file list
rsync: link_stat "/scratch/snx3000/davidle/sm_pert_10a/dry25_Western_Alps/6_put_data_2006/input_lm_f/laf2006*" failed: No such file or directory (2)

sent 12 bytes  received 12 bytes  48.00 bytes/sec
total size is 0  speedup is 0.00
rsync error: some files/attrs were not transferred (see previous errors) (code 23) at main.c(1052) [sender=3.0.9]
sending incremental file list
YUCHKDAT
YUPRHUMI
YUPRMASS
YUSPECIF
YUTIMING
job.out

sent 116332031 bytes  received 126 bytes  46532862.80 bytes/sec
total size is 116317458  speedup is 1.00
sending incremental file list
YUCHKDAT
YUSPECIF
YUTIMING
job.out

sent 87946016 bytes  received 88 bytes  58630736.00 bytes/sec
total size is 87935014  speedup is 1.00
